  Main.cpp
C:\Users\EmTea\source\repos\zaloha\Rocnikovec\Main.cpp(83,54): warning C4244: 'argument': conversion from 'int' to 'float', possible loss of data
C:\Users\EmTea\source\repos\zaloha\Rocnikovec\Main.cpp(83,44): warning C4244: 'argument': conversion from 'int' to 'float', possible loss of data
C:\Program Files\Microsoft Visual Studio\2022\Community\VC\Tools\MSVC\14.37.32822\include\xmemory(719,103): warning C4244: 'argument': conversion from 'int' to 'float', possible loss of data
C:\Program Files\Microsoft Visual Studio\2022\Community\VC\Tools\MSVC\14.37.32822\include\vector(800,27): message : see reference to function template instantiation 'void std::_Default_allocator_traits<_Alloc>::construct<_Ty,int&,int,int&>(_Alloc &,_Objty *const ,int &,int &&,int &)' being compiled
          with
          [
              _Alloc=std::allocator<Cube>,
              _Ty=Cube,
              _Objty=Cube
          ]
C:\Program Files\Microsoft Visual Studio\2022\Community\VC\Tools\MSVC\14.37.32822\include\vector(782,20): message : see reference to function template instantiation '_Ty &std::vector<_Ty,std::allocator<_Ty>>::_Emplace_back_with_unused_capacity<int&,int,int&>(int &,int &&,int &)' being compiled
          with
          [
              _Ty=Cube
          ]
C:\Program Files\Microsoft Visual Studio\2022\Community\VC\Tools\MSVC\14.37.32822\include\vector(864,24): message : see reference to function template instantiation '_Ty &std::vector<_Ty,std::allocator<_Ty>>::_Emplace_one_at_back<int&,int,int&>(int &,int &&,int &)' being compiled
          with
          [
              _Ty=Cube
          ]
C:\Users\EmTea\source\repos\zaloha\Rocnikovec\Main.cpp(92,10): message : see reference to function template instantiation 'void std::vector<Cube,std::allocator<Cube>>::emplace_back<int&,int,int&>(int &,int &&,int &)' being compiled
C:\Program Files\Microsoft Visual Studio\2022\Community\VC\Tools\MSVC\14.37.32822\include\xmemory(719,103): warning C4244: 'argument': conversion from '_Ty' to 'float', possible loss of data
          with
          [
              _Ty=int
          ]
  Rocnikovec.vcxproj -> C:\Users\EmTea\source\repos\zaloha\Rocnikovec\x64\Debug\Rocnikovec.exe
